0 info it worked if it ends with ok
1 verbose cli [ '/usr/bin/node', '/usr/bin/npm', 'install', '-g', 'cofeelint' ]
2 info using npm@1.4.28
3 info using node@v0.10.37
4 verbose node symlink /usr/bin/node
5 verbose cache add [ 'cofeelint', null ]
6 verbose cache add name=undefined spec="cofeelint" args=["cofeelint",null]
7 verbose parsed url { protocol: null,
7 verbose parsed url   slashes: null,
7 verbose parsed url   auth: null,
7 verbose parsed url   host: null,
7 verbose parsed url   port: null,
7 verbose parsed url   hostname: null,
7 verbose parsed url   hash: null,
7 verbose parsed url   search: null,
7 verbose parsed url   query: null,
7 verbose parsed url   pathname: 'cofeelint',
7 verbose parsed url   path: 'cofeelint',
7 verbose parsed url   href: 'cofeelint' }
8 silly lockFile 47dafac6-cofeelint cofeelint
9 verbose lock cofeelint /home/vagrant/.npm/47dafac6-cofeelint.lock
10 silly lockFile 47dafac6-cofeelint cofeelint
11 silly lockFile 47dafac6-cofeelint cofeelint
12 verbose addNamed [ 'cofeelint', '' ]
13 verbose addNamed [ null, '*' ]
14 silly lockFile e07c61f9-cofeelint cofeelint@
15 verbose lock cofeelint@ /home/vagrant/.npm/e07c61f9-cofeelint.lock
16 silly addNameRange { name: 'cofeelint', range: '*', hasData: false }
17 verbose request where is /cofeelint
18 verbose request registry https://registry.npmjs.org/
19 verbose request id cdb0b6c0e8619496
20 verbose url raw /cofeelint
21 verbose url resolving [ 'https://registry.npmjs.org/', './cofeelint' ]
22 verbose url resolved https://registry.npmjs.org/cofeelint
23 verbose request where is https://registry.npmjs.org/cofeelint
24 info trying registry request attempt 1 at 13:30:47
25 http GET https://registry.npmjs.org/cofeelint
26 http 404 https://registry.npmjs.org/cofeelint
27 silly registry.get cb [ 404,
27 silly registry.get   { 'content-type': 'application/json',
27 silly registry.get     'cache-control': 'max-age=0',
27 silly registry.get     'content-length': '2',
27 silly registry.get     'accept-ranges': 'bytes',
27 silly registry.get     date: 'Fri, 11 Sep 2015 13:30:47 GMT',
27 silly registry.get     via: '1.1 varnish',
27 silly registry.get     age: '0',
27 silly registry.get     connection: 'keep-alive',
27 silly registry.get     'x-served-by': 'cache-fra1235-FRA',
27 silly registry.get     'x-cache': 'MISS',
27 silly registry.get     'x-cache-hits': '0',
27 silly registry.get     'x-timer': 'S1441978247.710931,VS0,VE107' } ]
28 silly lockFile e07c61f9-cofeelint cofeelint@
29 silly lockFile e07c61f9-cofeelint cofeelint@
30 error 404 Not Found
30 error 404
30 error 404 'cofeelint' is not in the npm registry.
30 error 404 You should bug the author to publish it
30 error 404
30 error 404 Note that you can also install from a
30 error 404 tarball, folder, or http url, or git url.
31 error System Linux 3.13.0-63-generic
32 error command "/usr/bin/node" "/usr/bin/npm" "install" "-g" "cofeelint"
33 error cwd /opt/promos_v2
34 error node -v v0.10.37
35 error npm -v 1.4.28
36 error code E404
37 verbose exit [ 1, true ]
